edgettslib/build/intermediates/manifest_merge_blame_file/release/processReleaseManifest/manifest-merger-blame-release-report.txt
1<?xml version="1.0" encoding="utf-8"?>
2<manifest xmlns:android="http://schemas.android.com/apk/res/android"
3    package="icu.xmc.edgettslib" >
4
5    <uses-sdk android:minSdkVersion="21" />
6
7    <uses-permission android:name="android.permission.INTERNET" />
7-->src\main\AndroidManifest.xml:3:5-66
7-->src\main\AndroidManifest.xml:3:22-64
8    <uses-permission android:name="android.permission.WRITE_EXTERNAL_STORAGE" />
8-->src\main\AndroidManifest.xml:4:5-80
8-->src\main\AndroidManifest.xml:4:22-78
9    <uses-permission android:name="android.permission.READ_EXTERNAL_STORAGE" />
9-->src\main\AndroidManifest.xml:5:5-79
9-->src\main\AndroidManifest.xml:5:22-77
10
11</manifest>